<?xml version="1.0" encoding="UTF-8"?>
<!-- Generated by org.testng.reporters.JUnitReportReporter -->
<testsuite skipped="0" hostname="DESKTOP-65OKV1R" name="testcases.LoginapplicationUsingPageFactory" tests="1" failures="0" timestamp="04 Aug 2022 10:34:41 GMT" time="39.226" errors="0">
  <testcase name="Login" time="39.226" classname="testcases.LoginapplicationUsingPageFactory"/>
</testsuite> <!-- testcases.LoginapplicationUsingPageFactory -->
