<?xml version="1.0" encoding="UTF-8"?>
<!-- Generated by org.testng.reporters.JUnitReportReporter -->
<testsuite skipped="0" hostname="DESKTOP-65OKV1R" name="testcases.Loginapplication" tests="1" failures="0" timestamp="04 Aug 2022 10:18:55 GMT" time="37.750" errors="0">
  <testcase name="Login" time="37.750" classname="testcases.Loginapplication"/>
</testsuite> <!-- testcases.Loginapplication -->
