<?xml version="1.0" encoding="UTF-8"?>
<!-- Generated by org.testng.reporters.JUnitReportReporter -->
<testsuite skipped="0" hostname="DESKTOP-65OKV1R" name="testcases.Mycontactformlogin" tests="1" failures="0" timestamp="03 Aug 2022 11:56:04 GMT" time="20.657" errors="0">
  <testcase name="Login" time="20.657" classname="testcases.Mycontactformlogin"/>
</testsuite> <!-- testcases.Mycontactformlogin -->
